<?xml version="1.0" encoding="UTF-8"?>
<!-- Generated by org.testng.reporters.JUnitReportReporter -->
<testsuite hostname="DESKTOP-I57BOL8" failures="0" tests="9" name="com.apex.UserApi.UserApiPostTest" time="9.610" errors="0" timestamp="2022-05-06T18:30:34 PDT" skipped="0">
  <testcase classname="com.apex.UserApi.UserApiPostTest" name="addUserValidData" time="1.745"/>
  <system-out/>
  <testcase classname="com.apex.UserApi.UserApiPostTest" name="addWithBlankUserEmail" time="0.001"/>
  <system-out/>
  <testcase classname="com.apex.UserApi.UserApiPostTest" name="addWithSplCharData" time="1.532"/>
  <system-out/>
  <testcase classname="com.apex.UserApi.UserApiPostTest" name="addWithBlankData" time="1.631"/>
  <system-out/>
  <testcase classname="com.apex.UserApi.UserApiPostTest" name="addWithBlankUserGender" time="0.000"/>
  <system-out/>
  <testcase classname="com.apex.UserApi.UserApiPostTest" name="addWithBlankUserStatus" time="0.000"/>
  <system-out/>
  <testcase classname="com.apex.UserApi.UserApiPostTest" name="addWithBlankUserName" time="1.634"/>
  <system-out/>
  <testcase classname="com.apex.UserApi.UserApiPostTest" name="addNewUserWithExistingEmail" time="1.532"/>
  <system-out/>
  <testcase classname="com.apex.UserApi.UserApiPostTest" name="addWithNullData" time="1.535"/>
  <system-out/>
</testsuite> <!-- com.apex.UserApi.UserApiPostTest -->
