<?xml version="1.0" encoding="UTF-8"?>
<!-- Generated by org.testng.reporters.JUnitReportReporter -->
<testsuite hostname="DESKTOP-I57BOL8" failures="0" tests="7" name="com.apex.UserApi.UserAPIGetTest" time="11.544" errors="0" timestamp="2022-05-06T18:30:34 PDT" skipped="0">
  <testcase classname="com.apex.UserApi.UserAPIGetTest" name="testInvalidUserId" time="1.587"/>
  <system-out/>
  <testcase classname="com.apex.UserApi.UserAPIGetTest" name="testSuccessDataValidUser" time="1.637"/>
  <system-out/>
  <testcase classname="com.apex.UserApi.UserAPIGetTest" name="testNullUserId" time="1.532"/>
  <system-out/>
  <testcase classname="com.apex.UserApi.UserAPIGetTest" name="testSuccessDataValidUser" time="1.641"/>
  <system-out/>
  <testcase classname="com.apex.UserApi.UserAPIGetTest" name="testBlankUserId" time="2.095"/>
  <system-out/>
  <testcase classname="com.apex.UserApi.UserAPIGetTest" name="testInvalidUserId" time="1.514"/>
  <system-out/>
  <testcase classname="com.apex.UserApi.UserAPIGetTest" name="testSuccessDataValidUser" time="1.538"/>
  <system-out/>
</testsuite> <!-- com.apex.UserApi.UserAPIGetTest -->
