<?xml version="1.0" encoding="UTF-8"?>
<!-- Generated by org.testng.reporters.JUnitReportReporter -->
<testsuite hostname="DESKTOP-I57BOL8" failures="0" tests="1" name="com.apex.UserApi.GetUserAPI" time="1.831" errors="0" timestamp="2022-05-03T00:09:00 PDT" skipped="0">
  <testcase classname="com.apex.UserApi.GetUserAPI" name="testBlankUserId" time="1.831"/>
  <system-out/>
</testsuite> <!-- com.apex.UserApi.GetUserAPI -->
