<?xml version="1.0" encoding="UTF-8"?>
<!-- Generated by org.testng.reporters.JUnitReportReporter -->
<testsuite hostname="DESKTOP-I57BOL8" failures="0" tests="7" name="com.apex.UserApi.UserAPIGetTest" time="7.915" errors="0" timestamp="2022-06-01T23:41:17 PDT" skipped="0">
  <testcase classname="com.apex.UserApi.UserAPIGetTest" name="testNullUserId" time="1.222"/>
  <system-out/>
  <testcase classname="com.apex.UserApi.UserAPIGetTest" name="testBlankUserId" time="1.477"/>
  <system-out/>
  <testcase classname="com.apex.UserApi.UserAPIGetTest" name="testSuccessDataValidUser" time="0.982"/>
  <system-out/>
  <testcase classname="com.apex.UserApi.UserAPIGetTest" name="testSuccessDataValidUser" time="0.934"/>
  <system-out/>
  <testcase classname="com.apex.UserApi.UserAPIGetTest" name="testInvalidUserId" time="1.226"/>
  <system-out/>
  <testcase classname="com.apex.UserApi.UserAPIGetTest" name="testInvalidUserId" time="1.168"/>
  <system-out/>
  <testcase classname="com.apex.UserApi.UserAPIGetTest" name="testSuccessDataValidUser" time="0.906"/>
  <system-out/>
</testsuite> <!-- com.apex.UserApi.UserAPIGetTest -->
